<?xml version="1.0" encoding="UTF-8"?>
<testng-results skipped="0" failed="0" ignored="0" total="1" passed="1">
  <reporter-output>
  </reporter-output>
  <suite name="Default suite" duration-ms="21349" started-at="2018-01-04T01:23:04Z" finished-at="2018-01-04T01:23:25Z">
    <groups>
    </groups>
    <test name="Default test" duration-ms="21349" started-at="2018-01-04T01:23:04Z" finished-at="2018-01-04T01:23:25Z">
      <class name="Com.Konakart1.KonakartTest">
        <test-method status="PASS" signature="konakart_Test()[pri:0, instance:Com.Konakart1.KonakartTest@9629756]" name="konakart_Test" duration-ms="21290" started-at="2018-01-03T20:23:04Z" finished-at="2018-01-03T20:23:25Z">
          <reporter-output>
          </reporter-output>
        </test-method> <!-- konakart_Test -->
      </class> <!-- Com.Konakart1.KonakartTest -->
    </test> <!-- Default test -->
  </suite> <!-- Default suite -->
</testng-results>
