<?xml version="1.0" encoding="UTF-8"?>
<testng-results skipped="0" failed="0" ignored="0" total="1" passed="1">
  <reporter-output>
  </reporter-output>
  <suite name="Default suite" duration-ms="11955" started-at="2018-01-05T01:21:15Z" finished-at="2018-01-05T01:21:27Z">
    <groups>
    </groups>
    <test name="Default test" duration-ms="11955" started-at="2018-01-05T01:21:15Z" finished-at="2018-01-05T01:21:27Z">
      <class name="com.gmail.test.GmailLogin">
        <test-method status="PASS" signature="gmaillogin()[pri:0, instance:com.gmail.test.GmailLogin@9629756]" name="gmaillogin" duration-ms="11904" started-at="2018-01-04T20:21:15Z" finished-at="2018-01-04T20:21:27Z">
          <reporter-output>
          </reporter-output>
        </test-method> <!-- gmaillogin -->
      </class> <!-- com.gmail.test.GmailLogin -->
    </test> <!-- Default test -->
  </suite> <!-- Default suite -->
</testng-results>
